# JRE version: Java(TM) SE Runtime Environment (17.0.12+8) (build 17.0.12+8-LTS-286)
# Java VM: Java HotSpot(TM) 64-Bit Server VM (17.0.12+8-LTS-286, mixed mode, sharing, tiered, compressed oops, compressed class ptrs, g1 gc, windows-amd64)
GC Precious Log:
 CPUs: 12 total, 12 available
 Memory: 16024M
 Large Page Support: Disabled
 NUMA Support: Disabled
 Compressed Oops: Enabled (32-bit)
 Heap Region Size: 1M
 Heap Min Capacity: 8M
 Heap Initial Capacity: 252M
 Heap Max Capacity: 2G
 Pre-touch: Disabled
 Parallel Workers: 10
 Concurrent Workers: 3
 Concurrent Refinement Workers: 10
 Periodic GC: Disabled
Heap:
 garbage-first heap   total 316416K, used 202135K [0x0000000080000000, 0x0000000100000000)
  region size 1024K, 10 young (10240K), 10 survivors (10240K)
 Metaspace       used 113003K, committed 114368K, reserved 557056K
  class space    used 15704K, committed 16320K, reserved 425984K
GC Heap History (20 events):
Event: 11.131 GC heap after
{Heap after GC invocations=26 (full 0):
 garbage-first heap   total 316416K, used 113729K [0x0000000080000000, 0x0000000100000000)
  region size 1024K, 13 young (13312K), 13 survivors (13312K)
 Metaspace       used 99490K, committed 100480K, reserved 557056K
  class space    used 13842K, committed 14336K, reserved 425984K
}
Event: 11.941 GC heap before
{Heap before GC invocations=27 (full 0):
 garbage-first heap   total 316416K, used 256065K [0x0000000080000000, 0x0000000100000000)
  region size 1024K, 153 young (156672K), 13 survivors (13312K)
 Metaspace       used 103122K, committed 104192K, reserved 557056K
  class space    used 14379K, committed 14912K, reserved 425984K
}
Event: 11.949 GC heap after
{Heap after GC invocations=28 (full 0):
 garbage-first heap   total 316416K, used 124286K [0x0000000080000000, 0x0000000100000000)
  region size 1024K, 14 young (14336K), 14 survivors (14336K)
 Metaspace       used 103122K, committed 104192K, reserved 557056K
  class space    used 14379K, committed 14912K, reserved 425984K
}
Event: 11.952 GC heap before
{Heap before GC invocations=28 (full 0):
 garbage-first heap   total 316416K, used 125310K [0x0000000080000000, 0x0000000100000000)
  region size 1024K, 15 young (15360K), 14 survivors (14336K)
 Metaspace       used 103122K, committed 104192K, reserved 557056K
  class space    used 14379K, committed 14912K, reserved 425984K
}
Event: 11.956 GC heap after
{Heap after GC invocations=29 (full 0):
 garbage-first heap   total 316416K, used 124865K [0x0000000080000000, 0x0000000100000000)
  region size 1024K, 2 young (2048K), 2 survivors (2048K)
 Metaspace       used 103122K, committed 104192K, reserved 557056K
  class space    used 14379K, committed 14912K, reserved 425984K
}
Event: 12.448 GC heap before
{Heap before GC invocations=29 (full 0):
 garbage-first heap   total 316416K, used 259009K [0x0000000080000000, 0x0000000100000000)
  region size 1024K, 131 young (134144K), 2 survivors (2048K)
 Metaspace       used 104672K, committed 105856K, reserved 557056K
  class space    used 14622K, committed 15168K, reserved 425984K
}
Event: 12.452 GC heap after
{Heap after GC invocations=30 (full 0):
 garbage-first heap   total 316416K, used 140012K [0x0000000080000000, 0x0000000100000000)
  region size 1024K, 14 young (14336K), 14 survivors (14336K)
 Metaspace       used 104672K, committed 105856K, reserved 557056K
  class space    used 14622K, committed 15168K, reserved 425984K
}
Event: 13.026 GC heap before
{Heap before GC invocations=30 (full 0):
 garbage-first heap   total 316416K, used 257772K [0x0000000080000000, 0x0000000100000000)
  region size 1024K, 126 young (129024K), 14 survivors (14336K)
 Metaspace       used 105701K, committed 106880K, reserved 557056K
  class space    used 14762K, committed 15296K, reserved 425984K
}
Event: 13.033 GC heap after
{Heap after GC invocations=31 (full 0):
 garbage-first heap   total 316416K, used 153896K [0x0000000080000000, 0x0000000100000000)
  region size 1024K, 14 young (14336K), 14 survivors (14336K)
 Metaspace       used 105701K, committed 106880K, reserved 557056K
  class space    used 14762K, committed 15296K, reserved 425984K
}
Event: 13.206 GC heap before
{Heap before GC invocations=31 (full 0):
 garbage-first heap   total 316416K, used 252200K [0x0000000080000000, 0x0000000100000000)
  region size 1024K, 111 young (113664K), 14 survivors (14336K)
 Metaspace       used 105703K, committed 106880K, reserved 557056K
  class space    used 14762K, committed 15296K, reserved 425984K
}
Event: 13.210 GC heap after
{Heap after GC invocations=32 (full 0):
 garbage-first heap   total 316416K, used 156971K [0x0000000080000000, 0x0000000100000000)
  region size 1024K, 6 young (6144K), 6 survivors (6144K)
 Metaspace       used 105703K, committed 106880K, reserved 557056K
  class space    used 14762K, committed 15296K, reserved 425984K
}
Event: 13.582 GC heap before
{Heap before GC invocations=32 (full 0):
 garbage-first heap   total 316416K, used 261419K [0x0000000080000000, 0x0000000100000000)
  region size 1024K, 104 young (106496K), 6 survivors (6144K)
 Metaspace       used 106048K, committed 107264K, reserved 557056K
  class space    used 14797K, committed 15360K, reserved 425984K
}
Event: 13.587 GC heap after
{Heap after GC invocations=33 (full 0):
 garbage-first heap   total 316416K, used 172510K [0x0000000080000000, 0x0000000100000000)
  region size 1024K, 13 young (13312K), 13 survivors (13312K)
 Metaspace       used 106048K, committed 107264K, reserved 557056K
  class space    used 14797K, committed 15360K, reserved 425984K
}
Event: 13.776 GC heap before
{Heap before GC invocations=33 (full 0):
 garbage-first heap   total 316416K, used 259550K [0x0000000080000000, 0x0000000100000000)
  region size 1024K, 95 young (97280K), 13 survivors (13312K)
 Metaspace       used 106135K, committed 107328K, reserved 557056K
  class space    used 14807K, committed 15360K, reserved 425984K
}
Event: 13.781 GC heap after
{Heap after GC invocations=34 (full 0):
 garbage-first heap   total 316416K, used 184981K [0x0000000080000000, 0x0000000100000000)
  region size 1024K, 10 young (10240K), 10 survivors (10240K)
 Metaspace       used 106135K, committed 107328K, reserved 557056K
  class space    used 14807K, committed 15360K, reserved 425984K
}
Event: 14.216 GC heap before
{Heap before GC invocations=34 (full 0):
 garbage-first heap   total 316416K, used 259733K [0x0000000080000000, 0x0000000100000000)
  region size 1024K, 84 young (86016K), 10 survivors (10240K)
 Metaspace       used 107864K, committed 109120K, reserved 557056K
  class space    used 14998K, committed 15552K, reserved 425984K
}
Event: 14.220 GC heap after
{Heap after GC invocations=35 (full 0):
 garbage-first heap   total 316416K, used 190601K [0x0000000080000000, 0x0000000100000000)
  region size 1024K, 8 young (8192K), 8 survivors (8192K)
 Metaspace       used 107864K, committed 109120K, reserved 557056K
  class space    used 14998K, committed 15552K, reserved 425984K
}
Event: 14.327 GC heap before
{Heap before GC invocations=35 (full 0):
 garbage-first heap   total 316416K, used 260233K [0x0000000080000000, 0x0000000100000000)
  region size 1024K, 77 young (78848K), 8 survivors (8192K)
 Metaspace       used 107885K, committed 109184K, reserved 557056K
  class space    used 14999K, committed 15552K, reserved 425984K
}
Event: 14.330 GC heap after
{Heap after GC invocations=36 (full 0):
 garbage-first heap   total 316416K, used 193133K [0x0000000080000000, 0x0000000100000000)
  region size 1024K, 5 young (5120K), 5 survivors (5120K)
 Metaspace       used 107885K, committed 109184K, reserved 557056K
  class space    used 14999K, committed 15552K, reserved 425984K
}
Event: 14.819 GC heap before
{Heap before GC invocations=36 (full 0):
 garbage-first heap   total 316416K, used 265837K [0x0000000080000000, 0x0000000100000000)
  region size 1024K, 75 young (76800K), 5 survivors (5120K)
 Metaspace       used 113003K, committed 114368K, reserved 557056K
  class space    used 15704K, committed 16320K, reserved 425984K
}

